building the system configuration...
these 8 derivations will be built:
  /nix/store/0l67xazv85g3wbjly751y01gxl8mga87-hm_homemarcus.confignushellconfig.nu.drv
  /nix/store/r82lgdy79c0025y2yal6yfws0ia0mrf2-home-manager-files.drv
  /nix/store/gn7pmd1bg87ab8bvql124s54hiqa333l-home-manager-generation.drv
  /nix/store/yjbppn88ddrfwd005is6wfpbz4xq3p0z-unit-home-manager-marcus.service.drv
  /nix/store/a6h5lh21gg3ha0ryx0k8lvh6k9kbgfbv-system-units.drv
  /nix/store/niizfzhd2r8bq5glzfq4dkqwgfsilagw-etc-nix-registry.json.drv
  /nix/store/bjk2cbvakv6imnq2fasvcp7wa2dhpw3v-etc.drv
  /nix/store/jii4l0f0n0p0m2nvvdfbigwhcvn27sw6-nixos-system-grapespire-25.05.20241229.88195a9.drv
building '/nix/store/niizfzhd2r8bq5glzfq4dkqwgfsilagw-etc-nix-registry.json.drv'...
building '/nix/store/0l67xazv85g3wbjly751y01gxl8mga87-hm_homemarcus.confignushellconfig.nu.drv'...
building '/nix/store/r82lgdy79c0025y2yal6yfws0ia0mrf2-home-manager-files.drv'...
building '/nix/store/gn7pmd1bg87ab8bvql124s54hiqa333l-home-manager-generation.drv'...
building '/nix/store/yjbppn88ddrfwd005is6wfpbz4xq3p0z-unit-home-manager-marcus.service.drv'...
building '/nix/store/a6h5lh21gg3ha0ryx0k8lvh6k9kbgfbv-system-units.drv'...
building '/nix/store/bjk2cbvakv6imnq2fasvcp7wa2dhpw3v-etc.drv'...
building '/nix/store/jii4l0f0n0p0m2nvvdfbigwhcvn27sw6-nixos-system-grapespire-25.05.20241229.88195a9.drv'...
activating the configuration...
/nix/store/kwjh1v5056dg14sfs9jsxj3fqvxhyqx3-sops-install-secrets-0.0.1/bin/sops-install-secrets: manifest is not valid: failed to lookup group 'nextcloud': group: unknown group nextcloud
Failed to run activate script
reloading user units for marcus...
restarting sysinit-reactivation.target
the following new units were started: libvirtd.service, NetworkManager-dispatcher.service
warning: error(s) occurred while switching to the new configuration
